[    0.000000] Linux version 4.15.0-88-generic (buildd@lgw01-amd64-036) (gcc version 7.4.0 (Ubuntu 7.4.0-1ubuntu1~18.04.1)) #88-Ubuntu SMP Tue Feb 11 20:11:34 UTC 2020 (Ubuntu 4.15.0-88.88-generic 4.15.18)
[    0.000000] Command line: BOOT_IMAGE=/boot/vmlinuz-4.15.0-88-generic root=LABEL=cloudimg-rootfs ro console=tty1 console=ttyS0
[    0.000000] KERNEL supported cpus:
[    0.000000]   Intel GenuineIntel
[    0.000000]   AMD AuthenticAMD
[    0.000000]   Centaur CentaurHauls
[    0.000000] x86/fpu: Supporting XSAVE feature 0x001: 'x87 floating point registers'
[    0.000000] x86/fpu: Supporting XSAVE feature 0x002: 'SSE registers'
[    0.000000] x86/fpu: Supporting XSAVE feature 0x004: 'AVX registers'
[    0.000000] x86/fpu: xstate_offset[2]:  576, xstate_sizes[2]:  256
[    0.000000] x86/fpu: Enabled xstate features 0x7, context size is 832 bytes, using 'standard' format.
[    0.000000] e820: BIOS-provided physical RAM map:
[    0.000000] BIOS-e820: [mem 0x0000000000000000-0x000000000009fbff] usable
[    0.000000] BIOS-e820: [mem 0x000000000009fc00-0x000000000009ffff] reserved
[    0.000000] BIOS-e820: [mem 0x00000000000f0000-0x00000000000fffff] reserved
[    0.000000] BIOS-e820: [mem 0x0000000000100000-0x000000003ffeffff] usable
[    0.000000] BIOS-e820: [mem 0x000000003fff0000-0x000000003fffffff] ACPI data
[    0.000000] BIOS-e820: [mem 0x00000000fec00000-0x00000000fec00fff] reserved
[    0.000000] BIOS-e820: [mem 0x00000000fee00000-0x00000000fee00fff] reserved
[    0.000000] BIOS-e820: [mem 0x00000000fffc0000-0x00000000ffffffff] reserved
[    0.000000] NX (Execute Disable) protection: active
[    0.000000] SMBIOS 2.5 present.
[    0.000000] DMI: innotek GmbH VirtualBox/VirtualBox, BIOS VirtualBox 12/01/2006
[    0.000000] Hypervisor detected: KVM
[    0.000000] e820: last_pfn = 0x3fff0 max_arch_pfn = 0x400000000
[    0.000000] MTRR: Disabled
[    0.000000] x86/PAT: MTRRs disabled, skipping PAT initialization too.
[    0.000000] CPU MTRRs all blank - virtualized system.
[    0.000000] x86/PAT: Configuration [0-7]: WB  WT  UC- UC  WB  WT  UC- UC  
[    0.000000] found SMP MP-table at [mem 0x0009fff0-0x0009ffff]
[    0.000000] Scanning 1 areas for low memory corruption
[    0.000000] RAMDISK: [mem 0x35a6d000-0x36d2dfff]
[    0.000000] ACPI: Early table checksum verification disabled
[    0.000000] ACPI: RSDP 0x00000000000E0000 000024 (v02 VBOX  )
[    0.000000] ACPI: XSDT 0x000000003FFF0030 00003C (v01 VBOX   VBOXXSDT 00000001 ASL  00000061)
[    0.000000] ACPI: FACP 0x000000003FFF00F0 0000F4 (v04 VBOX   VBOXFACP 00000001 ASL  00000061)
[    0.000000] ACPI: DSDT 0x000000003FFF0470 002325 (v02 VBOX   VBOXBIOS 00000002 INTL 20100528)
[    0.000000] ACPI: FACS 0x000000003FFF0200 000040
[    0.000000] ACPI: FACS 0x000000003FFF0200 000040
[    0.000000] ACPI: APIC 0x000000003FFF0240 00005C (v02 VBOX   VBOXAPIC 00000001 ASL  00000061)
[    0.000000] ACPI: SSDT 0x000000003FFF02A0 0001CC (v01 VBOX   VBOXCPUT 00000002 INTL 20100528)
[    0.000000] No NUMA configuration found
[    0.000000] Faking a node at [mem 0x0000000000000000-0x000000003ffeffff]
[    0.000000] NODE_DATA(0) allocated [mem 0x3ffc5000-0x3ffeffff]
[    0.000000] kvm-clock: cpu 0, msr 0:3ff44001, primary cpu clock
[    0.000000] kvm-clock: Using msrs 4b564d01 and 4b564d00
[    0.000000] kvm-clock: using sched offset of 6036885600 cycles
[    0.000000] clocksource: kvm-clock: mask: 0xffffffffffffffff max_cycles: 0x1cd42e4dffb, max_idle_ns: 881590591483 ns
[    0.000000] Zone ranges:
[    0.000000]   DMA      [mem 0x0000000000001000-0x0000000000ffffff]
[    0.000000]   DMA32    [mem 0x0000000001000000-0x000000003ffeffff]
[    0.000000]   Normal   empty
[    0.000000]   Device   empty
[    0.000000] Movable zone start for each node
[    0.000000] Early memory node ranges
[    0.000000]   node   0: [mem 0x0000000000001000-0x000000000009efff]
[    0.000000]   node   0: [mem 0x0000000000100000-0x000000003ffeffff]
[    0.000000] Reserved but unavailable: 98 pages
[    0.000000] Initmem setup node 0 [mem 0x0000000000001000-0x000000003ffeffff]
[    0.000000] ACPI: PM-Timer IO Port: 0x4008
[    0.000000] IOAPIC[0]: apic_id 2, version 32, address 0xfec00000, GSI 0-23
[    0.000000] ACPI: INT_SRC_OVR (bus 0 bus_irq 0 global_irq 2 dfl dfl)
[    0.000000] ACPI: INT_SRC_OVR (bus 0 bus_irq 9 global_irq 9 low level)
[    0.000000] Using ACPI (MADT) for SMP configuration information
[    0.000000] smpboot: Allowing 2 CPUs, 0 hotplug CPUs
[    0.000000] PM: Registered nosave memory: [mem 0x00000000-0x00000fff]
[    0.000000] PM: Registered nosave memory: [mem 0x0009f000-0x0009ffff]
[    0.000000] PM: Registered nosave memory: [mem 0x000a0000-0x000effff]
[    0.000000] PM: Registered nosave memory: [mem 0x000f0000-0x000fffff]
[    0.000000] e820: [mem 0x40000000-0xfebfffff] available for PCI devices
[    0.000000] Booting paravirtualized kernel on KVM
[    0.000000] clocksource: refined-jiffies: mask: 0xffffffff max_cycles: 0xffffffff, max_idle_ns: 7645519600211568 ns
[    0.000000] random: get_random_bytes called from start_kernel+0x99/0x4fd with crng_init=0
[    0.000000] setup_percpu: NR_CPUS:8192 nr_cpumask_bits:2 nr_cpu_ids:2 nr_node_ids:1
[    0.000000] percpu: Embedded 45 pages/cpu s147456 r8192 d28672 u1048576
[    0.000000] PV qspinlock hash table entries: 256 (order: 0, 4096 bytes)
[    0.000000] Built 1 zonelists, mobility grouping on.  Total pages: 257913
[    0.000000] Policy zone: DMA32
[    0.000000] Kernel command line: BOOT_IMAGE=/boot/vmlinuz-4.15.0-88-generic root=LABEL=cloudimg-rootfs ro console=tty1 console=ttyS0
[    0.000000] Memory: 983068K/1048120K available (12300K kernel code, 2481K rwdata, 4264K rodata, 2428K init, 2712K bss, 65052K reserved, 0K cma-reserved)
[    0.000000] SLUB: HWalign=64, Order=0-3, MinObjects=0, CPUs=2, Nodes=1
[    0.000000] Kernel/User page tables isolation: enabled
[    0.000000] ftrace: allocating 39344 entries in 154 pages
[    0.004000] Hierarchical RCU implementation.
[    0.004000] 	RCU restricting CPUs from NR_CPUS=8192 to nr_cpu_ids=2.
[    0.004000] 	Tasks RCU enabled.
[    0.004000] RCU: Adjusting geometry for rcu_fanout_leaf=16, nr_cpu_ids=2
[    0.004000] NR_IRQS: 524544, nr_irqs: 440, preallocated irqs: 16
[    0.004000] Console: colour VGA+ 80x25
[    0.004000] console [tty1] enabled
[    0.004000] console [ttyS0] enabled
[    0.004000] ACPI: Core revision 20170831
[    0.004000] ACPI: 2 ACPI AML tables successfully acquired and loaded
[    0.004000] APIC: Switch to symmetric I/O mode setup
[    0.004000] x2apic enabled
[    0.004000] Switched APIC routing to physical x2apic.
[    0.005265] ..TIMER: vector=0x30 apic1=0 pin1=2 apic2=-1 pin2=-1
[    0.008004] tsc: Detected 1600.000 MHz processor
[    0.012024] Calibrating delay loop (skipped) preset value.. 3200.00 BogoMIPS (lpj=6400000)
[    0.014229] pid_max: default: 32768 minimum: 301
[    0.016047] Security Framework initialized
[    0.017007] Yama: becoming mindful.
[    0.017944] AppArmor: AppArmor initialized
[    0.020055] Dentry cache hash table entries: 131072 (order: 8, 1048576 bytes)
[    0.022008] Inode-cache hash table entries: 65536 (order: 7, 524288 bytes)
[    0.024096] Mount-cache hash table entries: 2048 (order: 2, 16384 bytes)
[    0.028017] Mountpoint-cache hash table entries: 2048 (order: 2, 16384 bytes)
[    0.030435] Last level iTLB entries: 4KB 64, 2MB 8, 4MB 8
[    0.032009] Last level dTLB entries: 4KB 64, 2MB 0, 4MB 0, 1GB 4
[    0.036031] Spectre V1 : Mitigation: usercopy/swapgs barriers and __user pointer sanitization
[    0.040008] Spectre V2 : Mitigation: Full generic retpoline
[    0.044007] Spectre V2 : Spectre v2 / SpectreRSB mitigation: Filling RSB on context switch
[    0.048008] Speculative Store Bypass: Vulnerable
[    0.052054] MDS: Mitigation: Clear CPU buffers
[    0.053464] Freeing SMP alternatives memory: 36K
[    0.168427] smpboot: CPU0: Intel(R) Core(TM) i5-5250U CPU @ 1.60GHz (family: 0x6, model: 0x3d, stepping: 0x4)
[    0.172132] Performance Events: unsupported p6 CPU model 61 no PMU driver, software events only.
[    0.175233] Hierarchical SRCU implementation.
[    0.176779] NMI watchdog: Perf event create on CPU 0 failed with -2
[    0.180008] NMI watchdog: Perf NMI watchdog permanently disabled
[    0.184094] smp: Bringing up secondary CPUs ...
[    0.185454] x86: Booting SMP configuration:
[    0.187381] .... node  #0, CPUs:      #1
[    0.004000] kvm-clock: cpu 1, msr 0:3ff44041, secondary cpu clock
[    0.196147] smp: Brought up 1 node, 2 CPUs
[    0.197203] smpboot: Max logical packages: 1
[    0.198214] smpboot: Total of 2 processors activated (6400.00 BogoMIPS)
[    0.200163] devtmpfs: initialized
[    0.201117] x86/mm: Memory block size: 128MB
[    0.202338] evm: security.selinux
[    0.204006] evm: security.SMACK64
[    0.205578] evm: security.SMACK64EXEC
[    0.206718] evm: security.SMACK64TRANSMUTE
[    0.208009] evm: security.SMACK64MMAP
[    0.209107] evm: security.apparmor
[    0.210069] evm: security.ima
[    0.211062] evm: security.capability
[    0.212175] clocksource: jiffies: mask: 0xffffffff max_cycles: 0xffffffff, max_idle_ns: 7645041785100000 ns
[    0.214350] futex hash table entries: 512 (order: 3, 32768 bytes)
[    0.218010] pinctrl core: initialized pinctrl subsystem
[    0.220150] RTC time: 11:28:28, date: 04/10/20
[    0.221659] NET: Registered protocol family 16
[    0.222890] audit: initializing netlink subsys (disabled)
[    0.224064] audit: type=2000 audit(1586518116.256:1): state=initialized audit_enabled=0 res=1
[    0.228035] cpuidle: using governor ladder
[    0.229501] cpuidle: using governor menu
[    0.231763] ACPI: bus type PCI registered
[    0.232016] acpiphp: ACPI Hot Plug PCI Controller Driver version: 0.5
[    0.236172] PCI: Using configuration type 1 for base access
[    0.241287] HugeTLB registered 2.00 MiB page size, pre-allocated 0 pages
[    0.244360] ACPI: Added _OSI(Module Device)
[    0.248018] ACPI: Added _OSI(Processor Device)
[    0.252009] ACPI: Added _OSI(3.0 _SCP Extensions)
[    0.253908] ACPI: Added _OSI(Processor Aggregator Device)
[    0.256017] ACPI: Added _OSI(Linux-Dell-Video)
[    0.259421] ACPI: Added _OSI(Linux-Lenovo-NV-HDMI-Audio)
[    0.260007] ACPI: Added _OSI(Linux-HPI-Hybrid-Graphics)
[    0.262229] ACPI: Executed 1 blocks of module-level executable AML code
[    0.269490] ACPI: Interpreter enabled
[    0.270602] ACPI: (supports S0 S5)
[    0.271445] ACPI: Using IOAPIC for interrupt routing
[    0.272483] PCI: Using host bridge windows from ACPI; if necessary, use "pci=nocrs" and report a bug
[    0.280324] ACPI: Enabled 2 GPEs in block 00 to 07
[    0.296887] ACPI: PCI Root Bridge [PCI0] (domain 0000 [bus 00-ff])
[    0.299416] acpi PNP0A03:00: _OSC: OS supports [ASPM ClockPM Segments MSI]
[    0.301161] acpi PNP0A03:00: _OSC: not requesting OS control; OS requires [ExtendedConfig ASPM ClockPM MSI]
[    0.304031] acpi PNP0A03:00: fail to add MMCONFIG information, can't access extended PCI configuration space under this bridge.
[    0.308819] PCI host bridge to bus 0000:00
[    0.312012] pci_bus 0000:00: root bus resource [io  0x0000-0x0cf7 window]
[    0.314813] pci_bus 0000:00: root bus resource [io  0x0d00-0xffff window]
[    0.316012] pci_bus 0000:00: root bus resource [mem 0x000a0000-0x000bffff window]
[    0.320013] pci_bus 0000:00: root bus resource [mem 0x40000000-0xfdffffff window]
[    0.321946] pci_bus 0000:00: root bus resource [bus 00-ff]
[    0.329147] pci 0000:00:01.1: legacy IDE quirk: reg 0x10: [io  0x01f0-0x01f7]
[    0.330943] pci 0000:00:01.1: legacy IDE quirk: reg 0x14: [io  0x03f6]
[    0.332008] pci 0000:00:01.1: legacy IDE quirk: reg 0x18: [io  0x0170-0x0177]
[    0.334134] pci 0000:00:01.1: legacy IDE quirk: reg 0x1c: [io  0x0376]
[    0.371787] pci 0000:00:07.0: quirk: [io  0x4000-0x403f] claimed by PIIX4 ACPI
[    0.372051] pci 0000:00:07.0: quirk: [io  0x4100-0x410f] claimed by PIIX4 SMB
[    0.391140] ACPI: PCI Interrupt Link [LNKA] (IRQs 5 9 10 *11)
[    0.392432] ACPI: PCI Interrupt Link [LNKB] (IRQs 5 9 *10 11)
[    0.394077] ACPI: PCI Interrupt Link [LNKC] (IRQs 5 *9 10 11)
[    0.396182] ACPI: PCI Interrupt Link [LNKD] (IRQs 5 9 10 *11)
[    0.398473] SCSI subsystem initialized
[    0.400137] pci 0000:00:02.0: vgaarb: setting as boot VGA device
[    0.401918] pci 0000:00:02.0: vgaarb: VGA device added: decodes=io+mem,owns=io+mem,locks=none
[    0.403732] pci 0000:00:02.0: vgaarb: bridge control possible
[    0.404006] vgaarb: loaded
[    0.404777] ACPI: bus type USB registered
[    0.405863] usbcore: registered new interface driver usbfs
[    0.408016] usbcore: registered new interface driver hub
[    0.409838] usbcore: registered new device driver usb
[    0.411031] EDAC MC: Ver: 3.0.0
[    0.412333] PCI: Using ACPI for IRQ routing
[    0.417041] NetLabel: Initializing
[    0.420023] NetLabel:  domain hash size = 128
[    0.424008] NetLabel:  protocols = UNLABELED CIPSOv4 CALIPSO
[    0.428034] NetLabel:  unlabeled traffic allowed by default
[    0.430609] clocksource: Switched to clocksource kvm-clock
[    0.445887] VFS: Disk quotas dquot_6.6.0
[    0.448119] VFS: Dquot-cache hash table entries: 512 (order 0, 4096 bytes)
[    0.449772] AppArmor: AppArmor Filesystem Enabled
[    0.450843] pnp: PnP ACPI init
[    0.453572] pnp: PnP ACPI: found 3 devices
[    0.469918] clocksource: acpi_pm: mask: 0xffffff max_cycles: 0xffffff, max_idle_ns: 2085701024 ns
[    0.472253] NET: Registered protocol family 2
[    0.473650] TCP established hash table entries: 8192 (order: 4, 65536 bytes)
[    0.476234] TCP bind hash table entries: 8192 (order: 5, 131072 bytes)
[    0.480441] TCP: Hash tables configured (established 8192 bind 8192)
[    0.481972] UDP hash table entries: 512 (order: 2, 16384 bytes)
[    0.483294] UDP-Lite hash table entries: 512 (order: 2, 16384 bytes)
[    0.484918] NET: Registered protocol family 1
[    0.485942] pci 0000:00:00.0: Limiting direct PCI/PCI transfers
[    0.487235] pci 0000:00:01.0: Activating ISA DMA hang workarounds
[    0.488717] pci 0000:00:02.0: Video device with shadowed ROM at [mem 0x000c0000-0x000dffff]
[    0.491140] Unpacking initramfs...
[    0.906377] Freeing initrd memory: 19204K
[    0.907612] clocksource: tsc: mask: 0xffffffffffffffff max_cycles: 0x171024fa93b, max_idle_ns: 440795253189 ns
[    0.910422] platform rtc_cmos: registered platform RTC device (no PNP device found)
[    0.914480] Scanning for low memory corruption every 60 seconds
[    0.918041] Initialise system trusted keyrings
[    0.921241] Key type blacklist registered
[    0.923898] workingset: timestamp_bits=36 max_order=18 bucket_order=0
[    0.928139] zbud: loaded
[    0.930631] squashfs: version 4.0 (2009/01/31) Phillip Lougher
[    0.935968] fuse init (API version 7.26)
[    0.948616] Key type asymmetric registered
[    0.950120] Asymmetric key parser 'x509' registered
[    0.951911] Block layer SCSI generic (bsg) driver version 0.4 loaded (major 246)
[    0.964977] io scheduler noop registered
[    0.968933] io scheduler deadline registered
[    0.977311] io scheduler cfq registered (default)
[    0.985864] ACPI: AC Adapter [AC] (off-line)
[    0.990134] input: Power Button as /devices/LNXSYSTM:00/LNXPWRBN:00/input/input0
[    0.997416] ACPI: Power Button [PWRF]
[    1.001712] input: Sleep Button as /devices/LNXSYSTM:00/LNXSLPBN:00/input/input1
[    1.009688] ACPI: Sleep Button [SLPF]
[    1.017026] ACPI: Battery Slot [BAT0] (battery present)
[    1.020294] Serial: 8250/16550 driver, 32 ports, IRQ sharing enabled
[    1.047052] 00:02: ttyS0 at I/O 0x3f8 (irq = 4, base_baud = 115200) is a 16550A
[    1.061782] Linux agpgart interface v0.103
[    1.067620] loop: module loaded
[    1.069369] scsi host0: ata_piix
[    1.070539] scsi host1: ata_piix
[    1.071825] ata1: PATA max UDMA/33 cmd 0x1f0 ctl 0x3f6 bmdma 0xd000 irq 14
[    1.073985] ata2: PATA max UDMA/33 cmd 0x170 ctl 0x376 bmdma 0xd008 irq 15
[    1.077392] libphy: Fixed MDIO Bus: probed
[    1.082125] tun: Universal TUN/TAP device driver, 1.6
[    1.084828] PPP generic driver version 2.4.2
[    1.089730] ehci_hcd: USB 2.0 'Enhanced' Host Controller (EHCI) Driver
[    1.095135] ehci-pci: EHCI PCI platform driver
[    1.097188] ehci-platform: EHCI generic platform driver
[    1.099180] ohci_hcd: USB 1.1 'Open' Host Controller (OHCI) Driver
[    1.101347] ohci-pci: OHCI PCI platform driver
[    1.103190] ohci-platform: OHCI generic platform driver
[    1.105131] uhci_hcd: USB Universal Host Controller Interface driver
[    1.109177] i8042: PNP: PS/2 Controller [PNP0303:PS2K,PNP0f03:PS2M] at 0x60,0x64 irq 1,12
[    1.113804] serio: i8042 KBD port at 0x60,0x64 irq 1
[    1.116163] serio: i8042 AUX port at 0x60,0x64 irq 12
[    1.118983] mousedev: PS/2 mouse device common for all mice
[    1.123072] input: AT Translated Set 2 keyboard as /devices/platform/i8042/serio0/input/input2
[    1.126327] rtc_cmos rtc_cmos: rtc core: registered rtc_cmos as rtc0
[    1.128530] rtc_cmos rtc_cmos: alarms up to one day, 114 bytes nvram
[    1.130784] i2c /dev entries driver
[    1.132398] device-mapper: uevent: version 1.0.3
[    1.133678] device-mapper: ioctl: 4.37.0-ioctl (2017-09-20) initialised: dm-devel@redhat.com
[    1.136348] ledtrig-cpu: registered to indicate activity on CPUs
[    1.139477] NET: Registered protocol family 10
[    1.146554] Segment Routing with IPv6
[    1.147544] NET: Registered protocol family 17
[    1.148911] Key type dns_resolver registered
[    1.150248] mce: Using 0 MCE banks
[    1.151252] RAS: Correctable Errors collector initialized.
[    1.152776] sched_clock: Marking stable (1152724154, 0)->(1635436987, -482712833)
[    1.155722] registered taskstats version 1
[    1.157251] Loading compiled-in X.509 certificates
[    1.161784] Loaded X.509 cert 'Build time autogenerated kernel key: f0020782f0d3a548186fb3f47aed88387a71e859'
[    1.164058] zswap: loaded using pool lzo/zbud
[    1.171347] Key type big_key registered
[    1.172602] Key type trusted registered
[    1.176292] Key type encrypted registered
[    1.177439] AppArmor: AppArmor sha1 policy hashing enabled
[    1.178944] ima: No TPM chip found, activating TPM-bypass! (rc=-19)
[    1.180428] ima: Allocated hash algorithm: sha1
[    1.182952] evm: HMAC attrs: 0x1
[    1.184723]   Magic number: 0:829:478
[    1.185662] rtc rtc0: hash matches
[    1.188521] rtc_cmos rtc_cmos: setting system clock to 2020-04-10 11:28:29 UTC (1586518109)
[    1.191071] BIOS EDD facility v0.16 2004-Jun-25, 0 devices found
[    1.192990] EDD information not available.
[    1.265553] Freeing unused kernel image memory: 2428K
[    1.280627] Write protecting the kernel read-only data: 20480k
[    1.284004] Freeing unused kernel image memory: 2008K
[    1.285836] Freeing unused kernel image memory: 1880K
[    1.294835] x86/mm: Checked W+X mappings: passed, no W+X pages found.
[    1.296588] x86/mm: Checking user space page tables
[    1.305649] x86/mm: Checked W+X mappings: passed, no W+X pages found.
Loading, please wait...
starting version 237
[    1.429855] Fusion MPT base driver 3.04.20
[    1.431345] Copyright (c) 1999-2008 LSI Corporation
[    1.432687] e1000: Intel(R) PRO/1000 Network Driver - version 7.3.21-k8-NAPI
[    1.435201] e1000: Copyright (c) 1999-2006 Intel Corporation.
[    1.445897] Fusion MPT SPI Host driver 3.04.20
[    1.451684] mptbase: ioc0: Initiating bringup
[    1.470548] AVX2 version of gcm_enc/dec engaged.
[    1.471679] AES CTR mode by8 optimization enabled
[    1.548627] ioc0: LSI53C1030 A0: Capabilities={Initiator}
[    1.650340] input: ImExPS/2 Generic Explorer Mouse as /devices/platform/i8042/serio1/input/input4
[    1.793274] scsi host2: ioc0: LSI53C1030 A0, FwRev=00000000h, Ports=1, MaxQ=256, IRQ=20
[    1.972977] scsi 2:0:0:0: Direct-Access     VBOX     HARDDISK         1.0  PQ: 0 ANSI: 5
[    2.004059] scsi target2:0:0: Beginning Domain Validation
[    2.009285] scsi target2:0:0: Domain Validation skipping write tests
[    2.010887] scsi target2:0:0: Ending Domain Validation
[    2.021605] scsi target2:0:0: asynchronous
[    2.046871] scsi 2:0:1:0: Direct-Access     VBOX     HARDDISK         1.0  PQ: 0 ANSI: 5
[    2.292083] scsi target2:0:1: Beginning Domain Validation
[    2.296814] random: fast init done
[    2.299843] scsi target2:0:1: Domain Validation skipping write tests
[    2.302567] scsi target2:0:1: Ending Domain Validation
[    2.305131] scsi target2:0:1: asynchronous
[    2.319271] sd 2:0:0:0: Attached scsi generic sg0 type 0
[    2.321133] random: systemd-udevd: uninitialized urandom read (16 bytes read)
[    2.321981] sd 2:0:1:0: Attached scsi generic sg1 type 0
[    2.323238] random: systemd-udevd: uninitialized urandom read (16 bytes read)
[    2.326669] random: systemd-udevd: uninitialized urandom read (16 bytes read)
[    2.326690] sd 2:0:0:0: [sda] 20971520 512-byte logical blocks: (10.7 GB/10.0 GiB)
[    2.331726] sd 2:0:0:0: [sda] Write Protect is off
[    2.333048] sd 2:0:1:0: [sdb] 20480 512-byte logical blocks: (10.5 MB/10.0 MiB)
[    2.335522] sd 2:0:1:0: [sdb] Write Protect is off
[    2.337537] sd 2:0:0:0: [sda] Incomplete mode parameter data
[    2.339162] sd 2:0:0:0: [sda] Assuming drive cache: write through
[    2.341847] sd 2:0:1:0: [sdb] Incomplete mode parameter data
[    2.343586] sd 2:0:1:0: [sdb] Assuming drive cache: write through
[    2.349983]  sda: sda1
[    2.361282] sd 2:0:1:0: [sdb] Attached SCSI disk
[    2.364430] sd 2:0:0:0: [sda] Attached SCSI disk
[    2.518702] e1000 0000:00:03.0 eth0: (PCI:33MHz:32-bit) 02:63:41:f1:0e:ed
[    2.520579] e1000 0000:00:03.0 eth0: Intel(R) PRO/1000 Network Connection
[    2.523691] e1000 0000:00:03.0 enp0s3: renamed from eth0
Begin: Loading essential drivers ... [    4.112163] raid6: sse2x1   gen()  7650 MB/s
[    4.160316] raid6: sse2x1   xor()  4656 MB/s
[    4.208243] raid6: sse2x2   gen()  8406 MB/s
[    4.256030] raid6: sse2x2   xor()  5994 MB/s
[    4.304247] raid6: sse2x4   gen()  9737 MB/s
[    4.352261] raid6: sse2x4   xor()  5987 MB/s
[    4.400609] raid6: avx2x1   gen() 13358 MB/s
[    4.448069] raid6: avx2x1   xor()  8604 MB/s
[    4.496073] raid6: avx2x2   gen() 14441 MB/s
[    4.544131] raid6: avx2x2   xor()  5150 MB/s
[    4.593097] raid6: avx2x4   gen()  6827 MB/s
[    4.648167] raid6: avx2x4   xor()  6047 MB/s
[    4.649440] raid6: using algorithm avx2x2 gen() 14441 MB/s
[    4.652232] raid6: .... xor() 5150 MB/s, rmw enabled
[    4.653596] raid6: using avx2x2 recovery algorithm
[    4.656512] xor: automatically using best checksumming function   avx       
[    4.659859] async_tx: api initialized (async)
done.
Begin: Running /scripts/init-premount ... done.
Begin: Mounting root file system ... Begin: Running /scripts/local-top ... done.
Begin: Running /scripts/local-premount ... [    4.736929] Btrfs loaded, crc32c=crc32c-intel
Scanning for Btrfs filesystems
done.
Warning: fsck not present, so skipping root file system
[    4.806398] EXT4-fs (sda1): mounted filesystem with ordered data mode. Opts: (null)
done.
Begin: Running /scripts/local-bottom ... done.
Begin: Running /scripts/init-bottom ... done.
[    5.243594] ip_tables: (C) 2000-2006 Netfilter Core Team
[    5.273004] systemd[1]: systemd 237 running in system mode. (+PAM +AUDIT +SELINUX +IMA +APPARMOR +SMACK +SYSVINIT +UTMP +LIBCRYPTSETUP +GCRYPT +GNUTLS +ACL +XZ +LZ4 +SECCOMP +BLKID +ELFUTILS +KMOD -IDN2 +IDN -PCRE2 default-hierarchy=hybrid)
[    5.278815] systemd[1]: Detected virtualization oracle.
[    5.280697] systemd[1]: Detected architecture x86-64.

Welcome to [1mUbuntu 18.04.4 LTS[0m!

[    5.293765] systemd[1]: Set hostname to <ubuntu-bionic>.
[    6.204744] systemd[1]: Reached target System Time Synchronized.
[[0;32m  OK  [0m] Reached target System Time Synchronized.
[    6.214879] systemd[1]: Started Forward Password Requests to Wall Directory Watch.
[[0;32m  OK  [0m] Started Forward Password Requests to Wall Directory Watch.
[    6.231305] systemd[1]: Created slice System Slice.
[[0;32m  OK  [0m] Created slice System Slice.
[    6.336524] systemd[1]: Listening on Journal Socket.
[[0;32m  OK  [0m] Listening on Journal Socket.
[    6.474321] systemd[1]: Starting Set the console keyboard layout...
         Starting Set the console keyboard layout...
[    6.482053] systemd[1]: Listening on udev Kernel Socket.
[[0;32m  OK  [0m] Listening on udev Kernel Socket.
[[0;32m  OK  [0m] Listening on Journal Socket (/dev/log).
[[0;32m  OK  [0m] Listening on LVM2 metadata daemon socket.
[[0;32m  OK  [0m] Listening on Device-mapper event daemon FIFOs.
         Starting Remount Root and Kernel File Systems...
[[0;32m  OK  [0m] Set up automount Arbitrary Executab…rmats File System Automount Point.
[[0;32m  OK  [0m] Listening on Journal Audit Socket.
         Starting Load Kernel Modules...
[[0;32m  OK  [0m] Reached target User and Group Name Lookups.
[[0;32m  OK  [0m] Created slice system-serial\x2dgetty.slice.
[    6.546781] EXT4-fs (sda1): re-mounted. Opts: (null)
[    6.589545] Loading iSCSI transport class v2.0-870.
         Starting Create list of required st…ce nodes for the current kernel...
         Starting Monitoring of LVM2 mirrors…ng dmeventd or progress polling...
[[0;32m  OK  [0m] Listening on Network Service Netlink Socket.
         Mounting POSIX Message Queue File System...
[[0;32m  OK  [0m] Listening on /dev/initctl Compatibility Named Pipe.
         Mounting Huge Pages File System...
         Starting Uncomplicated firewall...
[[0;32m  OK  [0m] Listening on udev Control Socket.
         Starting udev Coldplug all Devices...
[[0;32m  OK  [0m] Reached target Swap.
[[0;32m  OK  [0m] Listening on LVM2 poll daemon socket.
[[0;32m  OK  [0m] Listening on Syslog Socket.
         Starting Journal Service...
[    6.727716] iscsi: registered transport (tcp)
[[0;32m  OK  [0m] Created slice User and Session Slice.
[[0;32m  OK  [0m] Reached target Slices.
         Mounting Kernel Debug File System...
[[0;32m  OK  [0m] Started Remount Root and Kernel File Systems.
[[0;32m  OK  [0m] Started Create list of required sta…vice nodes for the current kernel.
[[0;32m  OK  [0m] Mounted POSIX Message Queue File System.
[[0;32m  OK  [0m] Mounted Huge Pages File System.
[[0;32m  OK  [0m] Mounted Kernel Debug File System.
         Starting Create Static Device Nodes in /dev...
         Starting Load/Save Random Seed...
[[0;32m  OK  [0m] Started Uncomplicated firewall.
[[0;32m  OK  [0m] Started LVM2 metadata daemon.
[[0;32m  OK  [0m] Started Create Static Device Nodes in /dev.
         Starting udev Kernel Device Manager...
[[0;32m  OK  [0m] Started Load/Save Random Seed.
[[0;32m  OK  [0m] Started Set the console keyboard layout.
[[0;32m  OK  [0m] Started Monitoring of LVM2 mirrors,…sing dmeventd or progress polling.
[[0;32m  OK  [0m] Reached target Local File Systems (Pre).
[[0;32m  OK  [0m] Reached target Local File Systems.
         Starting Tell Plymouth To Write Out Runtime Data...
         Starting ebtables ruleset management...
         Starting Set console font and keymap...
[    7.031483] iscsi: registered transport (iser)
         Starting AppArmor initialization...
[[0;32m  OK  [0m] Started Load Kernel Modules.
         Mounting Kernel Configuration File System...
         Mounting FUSE Control File System...
         Starting Apply Kernel Variables...
[[0;32m  OK  [0m] Mounted FUSE Control File System.
[[0;32m  OK  [0m] Started Set console font and keymap.
[[0;32m  OK  [0m] Mounted Kernel Configuration File System.
[[0;32m  OK  [0m] Started udev Coldplug all Devices.
[[0;32m  OK  [0m] Started Tell Plymouth To Write Out Runtime Data.
[[0;32m  OK  [0m] Started Journal Service.
         Starting Flush Journal to Persistent Storage...
[[0;32m  OK  [0m] Started udev Kernel Device Manager.
[[0;32m  OK  [0m] Started Dispatch Password Requests to Console Directory Watch.
[[0;32m  OK  [0m] Reached target Local Encrypted Volumes.
[[0;32m  OK  [0m] Started Apply Kernel Variables.
[[0;32m  OK  [0m] Started ebtables ruleset management.
[[0;32m  OK  [0m] Started Flush Journal to Persistent Storage.
         Starting Create Volatile Files and Directories...
[[0;32m  OK  [0m] Started Create Volatile Files and Directories.
         Starting Update UTMP about System Boot/Shutdown...
[[0;32m  OK  [0m] Started Update UTMP about System Boot/Shutdown.
[[0;32m  OK  [0m] Started AppArmor initialization.
         Starting Initial cloud-init job (pre-networking)...
[[0;32m  OK  [0m] Found device /dev/ttyS0.
[[0;32m  OK  [0m] Listening on Load/Save RF Kill Switch Status /dev/rfkill Watch.
[   12.076919] cloud-init[516]: Cloud-init v. 19.4-33-gbb4131a2-0ubuntu1~18.04.1 running 'init-local' at Fri, 10 Apr 2020 11:28:39 +0000. Up 11.59 seconds.
[[0;32m  OK  [0m] Started Initial cloud-init job (pre-networking).
[[0;32m  OK  [0m] Reached target Network (Pre).
         Starting Network Service...
[[0;32m  OK  [0m] Started Network Service.
         Starting Wait for Network to be Configured...
         Starting Network Name Resolution...
[[0;32m  OK  [0m] Started Network Name Resolution.
[[0;32m  OK  [0m] Reached target Network.
[[0;32m  OK  [0m] Reached target Host and Network Name Lookups.
[[0;32m  OK  [0m] Started Wait for Network to be Configured.
         Starting Initial cloud-init job (metadata service crawler)...
[   16.436171] cloud-init[660]: Cloud-init v. 19.4-33-gbb4131a2-0ubuntu1~18.04.1 running 'init' at Fri, 10 Apr 2020 11:28:44 +0000. Up 15.83 seconds.
[   16.444077] cloud-init[660]: ci-info: +++++++++++++++++++++++++++++++++++++Net device info++++++++++++++++++++++++++++++++++++++
[   16.448353] cloud-init[660]: ci-info: +--------+------+---------------------------+---------------+--------+-------------------+
[   16.452370] cloud-init[660]: ci-info: | Device |  Up  |          Address          |      Mask     | Scope  |     Hw-Address    |
[   16.461166] cloud-init[660]: ci-info: +--------+------+---------------------------+---------------+--------+-------------------+
[   16.464182] cloud-init[660]: ci-info: | enp0s3 | True |         10.0.2.15         | 255.255.255.0 | global | 02:63:41:f1:0e:ed |
[   16.466792] cloud-init[660]: ci-info: | enp0s3 | True | fe80::63:41ff:fef1:eed/64 |       .       |  link  | 02:63:41:f1:0e:ed |
[   16.480709] cloud-init[660]: ci-info: |   lo   | True |         127.0.0.1         |   255.0.0.0   |  host  |         .         |
[   16.483271] cloud-init[660]: ci-info: |   lo   | True |          ::1/128          |       .       |  host  |         .         |
[   16.485935] cloud-init[660]: ci-info: +--------+------+---------------------------+---------------+--------+-------------------+
[   16.497414] cloud-init[660]: ci-info: ++++++++++++++++++++++++++++Route IPv4 info+++++++++++++++++++++++++++++
[   16.511403] cloud-init[660]: ci-info: +-------+-------------+----------+-----------------+-----------+-------+
[   16.523249] cloud-init[660]: ci-info: | Route | Destination | Gateway  |     Genmask     | Interface | Flags |
[   16.529461] cloud-init[660]: ci-info: +-------+-------------+----------+-----------------+-----------+-------+
[   16.531514] cloud-init[660]: ci-info: |   0   |   0.0.0.0   | 10.0.2.2 |     0.0.0.0     |   enp0s3  |   UG  |
[   16.533394] cloud-init[660]: ci-info: |   1   |   10.0.2.0  | 0.0.0.0  |  255.255.255.0  |   enp0s3  |   U   |
[   16.535426] cloud-init[660]: ci-info: |   2   |   10.0.2.2  | 0.0.0.0  | 255.255.255.255 |   enp0s3  |   UH  |
[   16.540875] cloud-init[660]: ci-info: +-------+-------------+----------+-----------------+-----------+-------+
[   16.552716] cloud-init[660]: ci-info: +++++++++++++++++++Route IPv6 info+++++++++++++++++++
[   16.576787] cloud-init[660]: ci-info: +-------+-------------+---------+-----------+-------+
[   16.582535] cloud-init[660]: ci-info: | Route | Destination | Gateway | Interface | Flags |
[   16.585197] cloud-init[660]: ci-info: +-------+-------------+---------+-----------+-------+
[   16.594000] cloud-init[660]: ci-info: |   1   |  fe80::/64  |    ::   |   enp0s3  |   U   |
[   16.597348] cloud-init[660]: ci-info: |   3   |    local    |    ::   |   enp0s3  |   U   |
[   16.602383] cloud-init[660]: ci-info: |   4   |   ff00::/8  |    ::   |   enp0s3  |   U   |
[   16.609178] cloud-init[660]: ci-info: +-------+-------------+---------+-----------+-------+
[[0;32m  OK  [0m] Started Initial cloud-init job (metadata service crawler).
[[0;32m  OK  [0m] Reached target System Initialization.
[[0;32m  OK  [0m] Started ACPI Events Check.
[[0;32m  OK  [0m] Started Daily Cleanup of Temporary Directories.
[[0;32m  OK  [0m] Started Message of the Day.
         Starting Socket activation for snappy daemon.
[[0;32m  OK  [0m] Listening on UUID daemon activation socket.
[[0;32m  OK  [0m] Started Daily apt download activities.
[[0;32m  OK  [0m] Listening on Open-iSCSI iscsid Socket.
         Starting LXD - unix socket.
[[0;32m  OK  [0m] Started Daily apt upgrade and clean activities.
[[0;32m  OK  [0m] Listening on D-Bus System Message Bus Socket.
[[0;32m  OK  [0m] Listening on ACPID Listen Socket.
[[0;32m  OK  [0m] Reached target Paths.
[[0;32m  OK  [0m] Started Discard unused blocks once a week.
[[0;32m  OK  [0m] Reached target Timers.
[[0;32m  OK  [0m] Reached target Cloud-config availability.
[[0;32m  OK  [0m] Reached target Network is Online.
         Starting Availability of block devices...
[[0;32m  OK  [0m] Reached target Remote File Systems (Pre).
[[0;32m  OK  [0m] Reached target Remote File Systems.
[[0;32m  OK  [0m] Listening on Socket activation for snappy daemon.
[[0;32m  OK  [0m] Listening on LXD - unix socket.
[[0;32m  OK  [0m] Reached target Sockets.
[[0;32m  OK  [0m] Reached target Basic System.
         Starting Virtualbox guest utils...
         Starting System Logging Service...
         Starting Snappy daemon...
         Starting LSB: Record successful boot for GRUB...
[[0;32m  OK  [0m] Started FUSE filesystem for LXC.
[[0;32m  OK  [0m] Started Regular background program processing daemon.
         Starting Accounts Service...
         Starting Permit User Sessions...
         Starting OpenBSD Secure Shell server...
         Starting Login Service...
[[0;32m  OK  [0m] Started D-Bus System Message Bus.
[[0;32m  OK  [0m] Started Deferred execution scheduler.
[[0;32m  OK  [0m] Started irqbalance daemon.
         Starting Dispatcher daemon for systemd-networkd...
         Starting LXD - container startup/shutdown...
         Starting LSB: automatic crash report generation...
[[0;32m  OK  [0m] Started System Logging Service.
[[0;32m  OK  [0m] Started Availability of block devices.
[[0;32m  OK  [0m] Started Permit User Sessions.
[[0;32m  OK  [0m] Started Login Service.
[[0;32m  OK  [0m] Started Unattended Upgrades Shutdown.
         Starting Terminate Plymouth Boot Screen...
         Starting Hold until boot process finishes up...
[[0;32m  OK  [0m] Started Terminate Plymouth Boot Screen.
[[0;32m  OK  [0m] Started Hold until boot process finishes up.
[[0;32m  OK  [0m] Started Serial Getty on ttyS0.
         Starting Set console scheme...
[[0;32m  OK  [0m] Started OpenBSD Secure Shell server.
[[0;32m  OK  [0m] Started Set console scheme.
[[0;32m  OK  [0m] Created slice system-getty.slice.
[[0;32m  OK  [0m] Started Getty on tty1.
[[0;32m  OK  [0m] Reached target Login Prompts.
         Starting Authorization Manager...
[[0;32m  OK  [0m] Started LSB: Record successful boot for GRUB.
[[0;32m  OK  [0m] Started LSB: automatic crash report generation.
[[0;32m  OK  [0m] Started Authorization Manager.
[[0;32m  OK  [0m] Started Accounts Service.
[[0;32m  OK  [0m] Started Virtualbox guest utils.
[[0;32m  OK  [0m] Created slice User Slice of vagrant.
[[0;32m  OK  [0m] Started Snappy daemon.
[[0;32m  OK  [0m] Started Session 1 of user vagrant.
         Starting Wait until snapd is fully seeded...
         Starting User Manager for UID 1000...
[[0;32m  OK  [0m] Started LXD - container startup/shutdown.
[[0;32m  OK  [0m] Started Wait until snapd is fully seeded.
         Starting Apply the settings specified in cloud-config...
[[0;32m  OK  [0m] Started User Manager for UID 1000.
[[0;32m  OK  [0m] Started Dispatcher daemon for systemd-networkd.
[[0;32m  OK  [0m] Reached target Multi-User System.
[[0;32m  OK  [0m] Reached target Graphical Interface.
         Starting Update UTMP about System Runlevel Changes...
[[0;32m  OK  [0m] Started Update UTMP about System Runlevel Changes.
[   23.962799] cloud-init[966]: Cloud-init v. 19.4-33-gbb4131a2-0ubuntu1~18.04.1 running 'modules:config' at Fri, 10 Apr 2020 11:28:51 +0000. Up 23.39 seconds.
[[0;32m  OK  [0m] Started Apply the settings specified in cloud-config.
         Starting Execute cloud user/final scripts...

Ubuntu 18.04.4 LTS ubuntu-bionic ttyS0

ubuntu-bionic login: [   25.820350] cloud-init[1070]: Cloud-init v. 19.4-33-gbb4131a2-0ubuntu1~18.04.1 running 'modules:final' at Fri, 10 Apr 2020 11:28:53 +0000. Up 25.48 seconds.
[   25.820564] cloud-init[1070]: Cloud-init v. 19.4-33-gbb4131a2-0ubuntu1~18.04.1 finished at Fri, 10 Apr 2020 11:28:54 +0000. Datasource DataSourceNoCloud [seed=/dev/sdb][dsmode=net].  Up 25.80 seconds
[[0;32m  OK  [0m] Closed Load/Save RF Kill Switch Status /dev/rfkill Watch.
[[0;32m  OK  [0m] Stopped target Cloud-init target.
[[0;32m  OK  [0m] Stopped target Graphical Interface.
         Stopping Accounts Service...
[[0;32m  OK  [0m] Stopped Execute cloud user/final scripts.
         Stopping Availability of block devices...
         Stopping User Manager for UID 1000...
[[0;32m  OK  [0m] Stopped target Multi-User System.
         Stopping LSB: Record successful boot for GRUB...
         Stopping D-Bus System Message Bus...
         Stopping Regular background program processing daemon...
         Stopping OpenBSD Secure Shell server...
         Stopping irqbalance daemon...
         Stopping System Logging Service...
         Stopping Dispatcher daemon for systemd-networkd...
         Stopping Unattended Upgrades Shutdown...
         Stopping LXD - container startup/shutdown...
[[0;32m  OK  [0m] Stopped target Host and Network Name Lookups.
         Stopping LSB: automatic crash report generation...
         Stopping Deferred execution scheduler...
[[0;32m  OK  [0m] Stopped target Login Prompts.
         Stopping Getty on tty1...
         Stopping Serial Getty on ttyS0...
         Stop[[0;32m  OK  [0m] Stopped Apply the settings specified in cloud-config.
[[0;32m  OK  [0m] Stopped Wait until snapd is fully seeded.
[[0;32m  OK  [0m] Stopped target Cloud-config availability.
         Stopping Authorization Manager...
[[0;32m  OK  [0m] Stopped target Timers.
[[0;32m  OK  [0m] Stopped Message of the Day.
[[0;32m  OK  [0m] Stopped Daily Cleanup of Temporary Directories.
[[0;32m  OK  [0m] Stopped Discard unused blocks once a week.
[[0;32m  OK  [0m] Stopped Daily apt upgrade and clean activities.
[[0;32m  OK  [0m] Stopped Daily apt download activities.
[[0;32m  OK  [0m] Stopped target System Time Synchronized.
         Stopping Session 5 of user vagrant.
         Stopping FUSE filesystem for LXC...
[[0;32m  OK  [0m] Stopped target Network is Online.
[[0;32m  OK  [0m] Unmounted /var/lib/lxcfs.
[[0;32m  OK  [0m] Stopped System Logging Service.
[[0;32m  OK  [0m] Stopped Regular background program processing daemon.
[[0;32m  OK  [0m] Stopped Accounts Service.
[[0;32m  OK  [0m] Stopped Deferred execution scheduler.
[[0;32m  OK  [0m] Stopped irqbalance daemon.
[[0;32m  OK  [0m] Stopped Dispatcher daemon for systemd-networkd.
[[0;32m  OK  [0m] Stopped OpenBSD Secure Shell server.
[[0;32m  OK  [0m] Stopped Unattended Upgrades Shutdown.
[[0;32m  OK  [0m] Stopped Serial Getty on ttyS0.
[[0;32m  OK  [0m] Stopped Getty on tty1.
[[0;32m  OK  [0m] Stopped Authorization Manager.
[[0;32m  OK  [0m] Stopped User Manager for UID 1000.
[[0;32m  OK  [0m] Stopped Availability of block devices.
[[0;32m  OK  [0m] Stopped D-Bus System Message Bus.
[[0;32m  OK  [0m] Stopped FUSE filesystem for LXC.
[[0;32m  OK  [0m] Stopped Session 5 of user vagrant.
[[0;32m  OK  [0m] Stopped LXD - container startup/shutdown.
[[0;32m  OK  [0m] Stopped LSB: Record successful boot for GRUB.
[[0;32m  OK  [0m] Stopped LSB: automatic crash report generation.
[[0;32m  OK  [0m] Removed slice User Slice of vagrant.
[[0;32m  OK  [0m] Removed slice system-getty.slice.
[[0;32m  OK  [0m] Removed slice system-serial\x2dgetty.slice.
         Stopping Permit User Sessions...
         Stopping Login Service...
[[0;32m  OK  [0m] Stopped Permit User Sessions.
[[0;32m  OK  [0m] Stopped target Remote File Systems.
[[0;32m  OK  [0m] Stopped target Remote File Systems (Pre).
[[0;32m  OK  [0m] Stopped target Network.
         Stopping Network Name Resolution...
[[0;32m  OK  [0m] Stopped Virtualbox guest utils.
[[0;32m  OK  [0m] Stopped Login Service.
[[0;32m  OK  [0m] Stopped target Basic System.
[[0;32m  OK  [0m] Stopped target Slices.
[[0;32m  OK  [0m] Stopped target Sockets.
[[0;32m  OK  [0m] Closed Socket activation for snappy daemon.
[[0;32m  OK  [0m] Closed UUID daemon activation socket.
[[0;32m  OK  [0m] Closed ACPID Listen Socket.
[[0;32m  OK  [0m] Closed LXD - unix socket.
[[0;32m  OK  [0m] Closed Syslog Socket.
[[0;32m  OK  [0m] Closed Open-iSCSI iscsid Socket.
[[0;32m  OK  [0m] Stopped target Paths.
[[0;32m  OK  [0m] Stopped ACPI Events Check.
[[0;32m  OK  [0m] Stopped target User and Group Name Lookups.
[[0;32m  OK  [0m] Closed D-Bus System Message Bus Socket.
[[0;32m  OK  [0m] Stopped target System Initialization.
[[0;32m  OK  [0m] Stopped Initial cloud-init job (metadata service crawler).
[[0;32m  OK  [0m] Stopped Wait for Network to be Configured.
[[0;32m  OK  [0m] Stopped target Local Encrypted Volumes.
[[0;32m  OK  [0m] Stopped Dispatch Password Requests to Console Directory Watch.
[[0;32m  OK  [0m] Stopped Forward Password Requests to Wall Directory Watch.
         Stopping Update UTMP about System Boot/Shutdown...
         Stopping Load/Save Random Seed...
[[0;32m  OK  [0m] Removed slice User and Session Slice.
[[0;32m  OK  [0m] Stopped Network Name Resolution.
         Stopping Network Service...
[[0;32m  OK  [0m] Stopped Update UTMP about System Boot/Shutdown.
[[0;32m  OK  [0m] Stopped Create Volatile Files and Directories.
[[0;32m  OK  [0m] Stopped target Local File Systems.
         Unmounting /run/user/1000...
         Unmounting /tmp/vagrant-chef/3fae15…5d4158f2611807b27fe96/cookbooks...
         Unmounting /vagrant...
         Unmounting /home/ubuntu/app...
[[0;32m  OK  [0m] Stopped Network Service.
[[0;32m  OK  [0m] Stopped Load/Save Random Seed.
[[0;32m  OK  [0m] Unmounted /run/user/1000.
[[0;32m  OK  [0m] Unmounted /tmp/vagrant-chef/3fae159…e75d4158f2611807b27fe96/cookbooks.
[[0;32m  OK  [0m] Unmounted /vagrant.
[[0;32m  OK  [0m] Unmounted /home/ubuntu/app.
[[0;32m  OK  [0m] Reached target Unmount All Filesystems.
[[0;32m  OK  [0m] Stopped target Local File Systems (Pre).
         Stopping Monitoring of LVM2 mirrors…ng dmeventd or progress polling...
[[0;32m  OK  [0m] Stopped Create Static Device Nodes in /dev.
[[0;32m  OK  [0m] Stopped target Swap.
[[0;32m  OK  [0m] Stopped target Network (Pre).
[[0;32m  OK  [0m] Stopped Initial cloud-init job (pre-networking).
[[0;32m  OK  [0m] Stopped Remount Root and Kernel File Systems.
[[0;32m  OK  [0m] Stopped Apply Kernel Variables.
[[0;32m  OK  [0m] Stopped Load Kernel Modules.
[[0;32m  OK  [0m] Reached target Shutdown.
[[0;32m  OK  [0m] Reached target Final Step.
         Starting Power-Off...
[[0;32m  OK  [0m] Stopped Monitoring of LVM2 mirrors,…sing dmeventd or progress polling.
         Stopping LVM2 metadata daemon...
[[0;32m  OK  [0m] Stopped LVM2 metadata daemon.
[  630.264659] reboot: Power down
